{"meta": {"format": 2, "version": "7.4.4", "timestamp": "2026-02-12T11:33:47.873731", "branch_coverage": false, "show_contexts": false}, "files": {"2-engine/.autonomous/lib/alert_manager.py": {"executed_lines": [], "summary": {"covered_lines": 0, "num_statements": 184, "percent_covered": 0.0, "percent_covered_display": "0", "missing_lines": 184, "excluded_lines": 0}, "missing_lines": [2, 11, 12, 13, 14, 15, 17, 18, 20, 21, 22, 23, 24, 27, 31, 36, 37, 40, 43, 62, 72, 74, 75, 76, 77, 78, 79, 80, 82, 85, 95, 96, 99, 100, 103, 106, 109, 117, 118, 120, 122, 123, 124, 131, 133, 134, 135, 136, 137, 138, 140, 143, 145, 146, 153, 171, 180, 187, 197, 198, 200, 201, 202, 203, 205, 207, 209, 210, 211, 214, 225, 226, 229, 239, 240, 241, 242, 243, 246, 249, 250, 252, 253, 255, 256, 257, 260, 279, 282, 283, 286, 288, 289, 291, 292, 294, 296, 299, 302, 304, 305, 312, 328, 329, 331, 332, 335, 336, 342, 343, 351, 352, 354, 355, 361, 362, 369, 372, 386, 387, 389, 390, 392, 393, 399, 400, 407, 410, 420, 421, 423, 424, 426, 427, 433, 434, 441, 444, 458, 459, 461, 462, 463, 464, 466, 467, 474, 475, 477, 484, 494, 497, 498, 504, 505, 506, 507, 510, 511, 512, 513, 515, 528, 530, 532, 533, 534, 535, 537, 539, 541, 547, 549, 551, 552, 553, 554, 558, 559, 560, 561, 562, 565, 566], "excluded_lines": []}, "2-engine/.autonomous/lib/anomaly_detector.py": {"executed_lines": [], "summary": {"covered_lines": 0, "num_statements": 183, "percent_covered": 0.0, "percent_covered_display": "0", "missing_lines": 183, "excluded_lines": 0}, "missing_lines": [2, 11, 12, 13, 14, 15, 17, 18, 20, 21, 22, 23, 24, 27, 31, 36, 39, 40, 41, 43, 44, 46, 47, 53, 63, 64, 65, 66, 67, 70, 71, 73, 74, 75, 77, 84, 96, 97, 98, 101, 115, 116, 119, 120, 123, 129, 130, 132, 133, 135, 138, 139, 140, 141, 143, 145, 146, 156, 157, 168, 171, 185, 186, 188, 191, 192, 194, 195, 197, 198, 206, 207, 216, 219, 233, 234, 235, 237, 238, 240, 241, 242, 244, 245, 252, 253, 256, 257, 265, 272, 286, 287, 289, 292, 293, 299, 300, 302, 305, 307, 308, 309, 310, 313, 314, 324, 325, 336, 343, 361, 363, 364, 365, 367, 369, 372, 373, 374, 376, 377, 379, 380, 383, 384, 385, 388, 389, 390, 391, 393, 409, 411, 412, 413, 414, 415, 418, 433, 435, 436, 439, 445, 446, 448, 449, 451, 454, 455, 456, 458, 459, 466, 467, 476, 477, 484, 485, 491, 498, 500, 501, 503, 504, 505, 506, 507, 509, 511, 518, 519, 521, 522, 523, 524, 525, 526, 527, 529, 530, 531, 532, 535, 536], "excluded_lines": []}, "2-engine/.autonomous/lib/api_auth.py": {"executed_lines": [], "summary": {"covered_lines": 0, "num_statements": 138, "percent_covered": 0.0, "percent_covered_display": "0", "missing_lines": 138, "excluded_lines": 0}, "missing_lines": [22, 23, 24, 25, 26, 27, 28, 29, 31, 34, 36, 39, 41, 44, 46, 49, 52, 53, 54, 55, 56, 58, 60, 62, 64, 71, 74, 75, 76, 78, 88, 89, 92, 93, 98, 101, 102, 103, 106, 107, 109, 111, 112, 114, 115, 118, 123, 126, 133, 140, 141, 142, 143, 144, 146, 147, 149, 151, 152, 153, 156, 157, 159, 160, 167, 168, 170, 173, 174, 175, 177, 178, 179, 181, 182, 183, 184, 186, 188, 190, 200, 202, 203, 205, 207, 217, 218, 220, 222, 232, 233, 239, 249, 259, 261, 262, 263, 265, 267, 268, 269, 275, 277, 278, 279, 285, 286, 287, 288, 295, 297, 299, 301, 304, 315, 317, 318, 319, 320, 322, 323, 328, 329, 330, 335, 337, 339, 344, 346, 347, 348, 349, 350, 355, 365, 367, 368, 370], "excluded_lines": []}, "2-engine/.autonomous/lib/api_server.py": {"executed_lines": [], "summary": {"covered_lines": 0, "num_statements": 178, "percent_covered": 0.0, "percent_covered_display": "0", "missing_lines": 178, "excluded_lines": 0}, "missing_lines": [2, 21, 22, 23, 24, 25, 26, 28, 29, 32, 33, 34, 36, 37, 38, 42, 46, 49, 52, 66, 73, 76, 77, 80, 83, 86, 89, 92, 93, 96, 99, 102, 104, 106, 108, 110, 111, 112, 114, 115, 116, 117, 118, 119, 121, 123, 124, 126, 127, 128, 129, 131, 133, 136, 137, 138, 139, 140, 141, 142, 145, 146, 147, 148, 149, 150, 151, 154, 155, 156, 157, 158, 159, 160, 162, 164, 167, 168, 170, 171, 172, 173, 175, 176, 178, 180, 183, 184, 185, 191, 192, 193, 200, 201, 202, 203, 208, 215, 216, 218, 232, 233, 234, 237, 243, 244, 245, 248, 253, 254, 255, 256, 259, 264, 265, 266, 267, 270, 279, 280, 281, 284, 295, 296, 297, 300, 312, 313, 314, 316, 321, 326, 327, 328, 330, 331, 336, 337, 339, 341, 342, 343, 345, 346, 351, 352, 354, 355, 360, 361, 363, 369, 370, 372, 374, 383, 385, 386, 387, 389, 390, 393, 404, 405, 407, 408, 411, 413, 415, 416, 421, 422, 423, 425, 428, 431, 438, 439], "excluded_lines": []}, "2-engine/.autonomous/lib/config.py": {"executed_lines": [2, 33, 34, 35, 36, 37, 38, 39, 42, 43, 44, 47, 48, 49, 52, 53, 54, 55, 56, 57, 58, 59, 60, 63, 64, 72, 73, 75, 89, 90, 91, 92, 93, 94, 96, 98, 99, 103, 104, 108, 110, 111, 114, 116, 118, 119, 122, 124, 126, 128, 129, 131, 141, 143, 156, 157, 162, 172, 174, 177, 178, 183, 189, 192, 193, 198, 204, 207, 208, 213, 219, 222, 229, 232, 239, 241, 243, 246, 260, 261, 262, 274, 276, 285, 288, 291, 294, 295, 299, 302, 304, 306, 308, 309, 310, 311, 314, 315, 317, 332, 333, 334, 336, 338, 339, 340, 341, 342, 344, 349, 351, 352, 354, 355, 356, 358, 360, 362, 364, 366, 368, 370, 371, 373, 375, 376, 377, 381, 383, 384, 385, 390, 397, 406, 408, 409, 411, 413, 415, 417, 419, 425, 427, 429, 431, 443, 445, 447, 451, 456, 457, 458, 460, 464, 465, 466, 468, 470, 472, 474, 476, 477, 479, 480, 482, 483, 484, 485, 486, 487, 490, 491, 492, 493, 494, 495, 497, 498, 500, 501, 502, 503, 504, 510, 513, 533, 534, 539, 541, 544, 547, 550, 563, 645, 650, 655, 660, 665, 670], "summary": {"covered_lines": 195, "num_statements": 306, "percent_covered": 63.72549019607843, "percent_covered_display": "64", "missing_lines": 111, "excluded_lines": 0}, "missing_lines": [100, 105, 106, 112, 120, 133, 134, 135, 136, 137, 138, 139, 145, 147, 148, 149, 150, 151, 153, 155, 158, 159, 160, 164, 165, 166, 167, 169, 170, 184, 185, 186, 187, 188, 199, 200, 201, 202, 203, 214, 215, 216, 217, 218, 264, 265, 266, 267, 268, 269, 272, 278, 279, 280, 281, 282, 283, 296, 346, 347, 365, 378, 379, 386, 387, 388, 392, 393, 394, 395, 399, 400, 401, 402, 403, 404, 421, 422, 423, 428, 433, 448, 459, 461, 488, 506, 552, 553, 554, 556, 557, 558, 559, 560, 574, 575, 576, 579, 581, 582, 585, 637, 638, 640, 647, 652, 657, 662, 667, 672, 673], "excluded_lines": []}, "2-engine/.autonomous/lib/connectors/__init__.py": {"executed_lines": [], "summary": {"covered_lines": 0, "num_statements": 5, "percent_covered": 0.0, "percent_covered_display": "0", "missing_lines": 5, "excluded_lines": 0}, "missing_lines": [7, 18, 19, 20, 22], "excluded_lines": []}, "2-engine/.autonomous/lib/connectors/base_connector.py": {"executed_lines": [], "summary": {"covered_lines": 0, "num_statements": 125, "percent_covered": 0.0, "percent_covered_display": "0", "missing_lines": 125, "excluded_lines": 0}, "missing_lines": [19, 20, 21, 22, 23, 24, 25, 27, 30, 33, 35, 36, 37, 40, 41, 43, 44, 45, 46, 48, 50, 58, 60, 63, 65, 68, 70, 73, 75, 78, 90, 98, 99, 100, 101, 104, 105, 106, 109, 110, 112, 113, 114, 116, 118, 120, 124, 125, 132, 134, 135, 146, 148, 177, 179, 180, 181, 192, 193, 196, 197, 198, 199, 200, 203, 204, 205, 206, 209, 211, 213, 214, 215, 217, 218, 219, 221, 222, 223, 225, 226, 228, 229, 230, 233, 234, 237, 239, 247, 248, 250, 252, 259, 260, 266, 268, 273, 274, 280, 287, 295, 297, 299, 301, 304, 311, 312, 330, 337, 339, 341, 342, 343, 344, 346, 348, 349, 360, 361, 363, 366, 373, 384, 386, 396], "excluded_lines": []}, "2-engine/.autonomous/lib/connectors/jira_connector.py": {"executed_lines": [], "summary": {"covered_lines": 0, "num_statements": 121, "percent_covered": 0.0, "percent_covered_display": "0", "missing_lines": 121, "excluded_lines": 0}, "missing_lines": [23, 24, 25, 26, 27, 29, 31, 39, 42, 53, 66, 67, 68, 69, 70, 73, 75, 77, 79, 80, 82, 83, 85, 86, 88, 89, 92, 93, 94, 99, 101, 114, 120, 145, 146, 152, 154, 179, 180, 183, 184, 187, 193, 195, 206, 207, 209, 210, 215, 216, 218, 235, 236, 242, 244, 249, 250, 253, 254, 256, 257, 258, 259, 261, 262, 269, 273, 279, 288, 289, 291, 292, 297, 298, 300, 317, 318, 324, 325, 349, 355, 357, 367, 368, 370, 371, 376, 377, 379, 389, 390, 396, 397, 402, 405, 407, 423, 425, 426, 432, 443, 444, 450, 451, 457, 463, 465, 475, 485, 487, 488, 494, 496, 497, 503, 505, 510, 512, 521, 523, 524], "excluded_lines": []}, "2-engine/.autonomous/lib/connectors/slack_connector.py": {"executed_lines": [], "summary": {"covered_lines": 0, "num_statements": 98, "percent_covered": 0.0, "percent_covered_display": "0", "missing_lines": 98, "excluded_lines": 0}, "missing_lines": [21, 22, 23, 25, 27, 36, 39, 49, 60, 61, 62, 65, 67, 69, 71, 72, 76, 78, 79, 80, 82, 84, 85, 88, 92, 94, 96, 98, 99, 103, 128, 129, 135, 137, 138, 148, 155, 156, 161, 162, 164, 187, 194, 195, 197, 198, 200, 207, 208, 214, 220, 221, 223, 242, 247, 248, 250, 251, 253, 259, 261, 262, 272, 278, 279, 281, 302, 303, 305, 324, 332, 338, 357, 358, 364, 365, 369, 374, 375, 377, 384, 386, 387, 396, 402, 403, 405, 406, 412, 414, 415, 421, 423, 428, 429, 431, 433, 434], "excluded_lines": []}, "2-engine/.autonomous/lib/connectors/trello_connector.py": {"executed_lines": [], "summary": {"covered_lines": 0, "num_statements": 145, "percent_covered": 0.0, "percent_covered_display": "0", "missing_lines": 145, "excluded_lines": 0}, "missing_lines": [24, 25, 26, 28, 30, 38, 41, 52, 65, 66, 67, 68, 69, 72, 75, 76, 78, 80, 82, 83, 85, 86, 89, 94, 96, 109, 115, 125, 127, 128, 134, 136, 137, 138, 139, 140, 142, 143, 145, 146, 147, 149, 160, 161, 163, 164, 165, 166, 168, 171, 172, 173, 175, 176, 182, 184, 185, 186, 187, 188, 189, 191, 192, 194, 195, 196, 198, 223, 224, 230, 232, 234, 235, 242, 248, 249, 252, 258, 261, 262, 264, 276, 277, 279, 280, 285, 286, 288, 305, 306, 312, 314, 316, 317, 324, 330, 340, 341, 343, 344, 349, 350, 352, 367, 368, 374, 375, 379, 385, 387, 396, 397, 399, 400, 405, 406, 408, 419, 420, 423, 428, 434, 436, 437, 438, 440, 450, 451, 457, 458, 464, 466, 480, 482, 483, 489, 491, 492, 498, 500, 506, 508, 517, 519, 520], "excluded_lines": []}, "2-engine/.autonomous/lib/context_budget.py": {"executed_lines": [], "summary": {"covered_lines": 0, "num_statements": 167, "percent_covered": 0.0, "percent_covered_display": "0", "missing_lines": 167, "excluded_lines": 0}, "missing_lines": [2, 15, 16, 17, 18, 19, 20, 21, 22, 23, 25, 28, 29, 37, 38, 40, 41, 42, 43, 44, 45, 47, 48, 49, 50, 53, 54, 56, 57, 58, 61, 72, 88, 89, 90, 91, 92, 95, 115, 117, 127, 130, 133, 134, 135, 136, 137, 138, 139, 140, 142, 150, 151, 153, 155, 165, 168, 169, 171, 173, 175, 176, 177, 178, 180, 182, 183, 186, 187, 188, 190, 192, 202, 203, 205, 206, 208, 209, 212, 213, 214, 215, 216, 219, 220, 222, 224, 234, 235, 237, 260, 262, 264, 265, 267, 268, 271, 272, 273, 274, 275, 276, 277, 278, 281, 284, 285, 294, 315, 326, 327, 331, 332, 333, 335, 345, 347, 360, 363, 365, 368, 373, 378, 383, 389, 395, 401, 407, 413, 417, 422, 425, 432, 438, 440, 441, 442, 443, 444, 445, 446, 448, 449, 451, 452, 453, 454, 456, 458, 468, 469, 470, 471, 473, 474, 475, 476, 478, 479, 481, 482, 483, 484, 486, 491, 494, 495], "excluded_lines": []}, "2-engine/.autonomous/lib/decision_registry.py": {"executed_lines": [2, 45, 46, 47, 48, 49, 50, 51, 52, 55, 56, 67, 68, 69, 70, 71, 73, 80, 81, 82, 84, 86, 87, 88, 89, 91, 93, 95, 96, 97, 98, 100, 109, 110, 113, 114, 115, 118, 119, 120, 121, 122, 124, 126, 140, 143, 144, 145, 146, 149, 150, 153, 154, 157, 158, 161, 162, 163, 166, 168, 171, 173, 174, 176, 191, 194, 195, 196, 197, 203, 204, 205, 206, 207, 208, 209, 210, 213, 214, 216, 218, 220, 233, 234, 235, 236, 238, 249, 251, 252, 253, 254, 256, 258, 273, 275, 285, 293, 296, 298, 306, 307, 309, 311, 312, 313, 314, 316, 317, 320, 321, 322, 326, 327, 328, 330, 334, 338, 341, 343, 345, 346, 347, 350, 351, 353, 362, 364, 367, 368, 369, 372, 373, 374, 376, 378, 380, 381, 382, 383, 384, 386, 388, 389, 390, 391, 392, 395, 397, 398, 401, 404, 405, 407, 408, 410, 411, 412, 415, 417, 419, 420, 422, 425, 427, 429, 435, 438, 440, 443, 445, 447, 449, 450, 451, 452, 457, 459, 461, 463, 464, 465, 466, 467, 468, 469, 470, 471, 474, 476, 478, 480, 481, 482, 483, 484, 485, 487, 492, 493, 494, 496, 497, 498, 501, 555], "summary": {"covered_lines": 205, "num_statements": 252, "percent_covered": 81.34920634920636, "percent_covered_display": "81", "missing_lines": 47, "excluded_lines": 0}, "missing_lines": [111, 167, 323, 329, 331, 335, 339, 436, 453, 454, 488, 489, 490, 503, 504, 507, 510, 511, 512, 513, 514, 515, 518, 519, 520, 523, 524, 525, 526, 527, 528, 531, 532, 533, 534, 535, 538, 539, 540, 543, 544, 546, 548, 549, 550, 552, 556], "excluded_lines": []}, "2-engine/.autonomous/lib/event_logger.py": {"executed_lines": [], "summary": {"covered_lines": 0, "num_statements": 144, "percent_covered": 0.0, "percent_covered_display": "0", "missing_lines": 144, "excluded_lines": 0}, "missing_lines": [2, 19, 20, 21, 22, 23, 24, 25, 28, 29, 32, 34, 35, 38, 40, 41, 44, 45, 47, 50, 52, 54, 56, 101, 102, 105, 107, 108, 109, 111, 114, 116, 117, 118, 120, 123, 145, 147, 148, 151, 157, 158, 160, 161, 163, 164, 166, 167, 170, 171, 172, 173, 176, 177, 178, 179, 180, 181, 182, 183, 184, 185, 186, 189, 193, 194, 197, 198, 199, 200, 202, 205, 206, 207, 208, 209, 211, 213, 214, 216, 217, 219, 220, 222, 223, 224, 226, 228, 230, 231, 232, 235, 237, 239, 240, 241, 242, 243, 244, 245, 246, 247, 248, 249, 251, 254, 255, 256, 258, 259, 260, 261, 262, 263, 265, 268, 270, 273, 275, 278, 280, 281, 282, 283, 286, 288, 291, 293, 296, 298, 299, 300, 301, 304, 306, 309, 311, 314, 315, 317, 318, 320, 321, 323], "excluded_lines": []}, "2-engine/.autonomous/lib/generate_workflows.py": {"executed_lines": [], "summary": {"covered_lines": 0, "num_statements": 107, "percent_covered": 0.0, "percent_covered_display": "0", "missing_lines": 107, "excluded_lines": 0}, "missing_lines": [2, 9, 10, 11, 12, 13, 16, 19, 20, 21, 22, 23, 25, 27, 28, 30, 32, 33, 35, 37, 38, 39, 40, 43, 44, 51, 53, 55, 66, 67, 70, 73, 88, 89, 92, 93, 94, 95, 97, 99, 100, 102, 105, 106, 107, 108, 109, 112, 113, 114, 115, 116, 118, 120, 126, 141, 146, 148, 150, 239, 241, 274, 276, 303, 305, 338, 340, 385, 387, 420, 422, 449, 451, 490, 492, 525, 527, 566, 568, 601, 603, 604, 625, 627, 645, 647, 653, 655, 668, 670, 676, 703, 705, 707, 715, 718, 720, 722, 723, 725, 726, 728, 729, 730, 732, 735, 736], "excluded_lines": []}, "2-engine/.autonomous/lib/historical_analyzer.py": {"executed_lines": [], "summary": {"covered_lines": 0, "num_statements": 159, "percent_covered": 0.0, "percent_covered_display": "0", "missing_lines": 159, "excluded_lines": 0}, "missing_lines": [2, 11, 12, 13, 14, 15, 17, 18, 20, 21, 22, 23, 24, 27, 31, 36, 42, 49, 50, 51, 52, 53, 54, 55, 57, 60, 76, 79, 80, 83, 85, 92, 102, 103, 106, 108, 109, 112, 113, 116, 117, 119, 122, 123, 124, 126, 127, 129, 130, 132, 133, 134, 136, 137, 138, 141, 142, 143, 144, 146, 148, 157, 167, 168, 171, 172, 174, 175, 177, 180, 181, 182, 184, 185, 186, 188, 189, 190, 193, 194, 195, 196, 198, 200, 210, 220, 222, 223, 225, 228, 229, 230, 232, 233, 235, 236, 239, 240, 241, 242, 244, 246, 258, 268, 269, 271, 272, 273, 275, 283, 294, 296, 297, 298, 300, 302, 303, 304, 306, 308, 321, 324, 338, 339, 341, 342, 345, 346, 348, 349, 352, 355, 356, 357, 358, 359, 360, 367, 368, 376, 387, 389, 390, 392, 393, 394, 395, 397, 399, 401, 402, 404, 405, 406, 407, 408, 409, 412, 413], "excluded_lines": []}, "2-engine/.autonomous/lib/integration_test.py": {"executed_lines": [], "summary": {"covered_lines": 0, "num_statements": 302, "percent_covered": 0.0, "percent_covered_display": "0", "missing_lines": 302, "excluded_lines": 0}, "missing_lines": [2, 20, 21, 22, 23, 24, 25, 26, 27, 30, 31, 33, 34, 35, 36, 39, 42, 43, 48, 49, 50, 51, 54, 56, 57, 58, 60, 62, 68, 70, 76, 78, 79, 80, 81, 82, 83, 86, 89, 92, 95, 98, 101, 104, 105, 107, 108, 109, 110, 112, 114, 116, 117, 119, 122, 123, 128, 130, 137, 138, 142, 143, 150, 155, 156, 163, 164, 170, 171, 177, 182, 183, 190, 192, 193, 194, 195, 196, 197, 198, 199, 200, 206, 211, 212, 218, 220, 222, 223, 225, 228, 229, 234, 236, 243, 244, 249, 250, 256, 261, 262, 269, 270, 275, 276, 277, 284, 289, 290, 297, 298, 299, 300, 301, 302, 303, 304, 305, 306, 307, 313, 318, 319, 325, 327, 329, 330, 333, 334, 336, 337, 343, 350, 351, 352, 353, 354, 355, 356, 357, 358, 359, 360, 366, 371, 372, 378, 380, 382, 383, 386, 387, 389, 390, 396, 403, 404, 405, 411, 418, 419, 420, 426, 432, 434, 436, 437, 439, 442, 443, 449, 454, 457, 458, 464, 471, 472, 477, 478, 484, 489, 490, 496, 498, 500, 501, 503, 506, 507, 512, 514, 521, 522, 524, 531, 532, 533, 534, 536, 537, 543, 550, 551, 552, 558, 565, 566, 567, 573, 580, 581, 587, 593, 596, 597, 598, 599, 600, 601, 602, 603, 604, 605, 606, 607, 609, 611, 612, 613, 614, 616, 617, 618, 619, 621, 622, 623, 626, 628, 629, 630, 631, 632, 633, 634, 635, 636, 637, 638, 639, 640, 641, 642, 643, 644, 645, 646, 647, 648, 649, 650, 651, 652, 653, 654, 655, 656, 657, 658, 659, 660, 661, 662, 663, 664, 666, 668, 669, 677, 678, 679, 680, 681, 682, 683, 684, 687, 688, 689, 690, 691, 693, 694, 695, 696, 698, 699, 702, 703, 704, 707, 708], "excluded_lines": []}, "2-engine/.autonomous/lib/log_ingestor.py": {"executed_lines": [], "summary": {"covered_lines": 0, "num_statements": 215, "percent_covered": 0.0, "percent_covered_display": "0", "missing_lines": 215, "excluded_lines": 0}, "missing_lines": [2, 7, 8, 9, 10, 11, 12, 13, 14, 17, 18, 20, 21, 22, 23, 24, 25, 28, 29, 31, 32, 33, 34, 35, 36, 37, 38, 39, 40, 42, 43, 44, 47, 52, 54, 55, 56, 60, 61, 62, 64, 66, 67, 68, 72, 73, 74, 75, 76, 77, 78, 79, 80, 92, 93, 95, 96, 97, 98, 99, 100, 101, 102, 103, 104, 106, 107, 108, 109, 112, 114, 116, 117, 119, 120, 123, 126, 127, 130, 131, 132, 133, 135, 136, 137, 138, 139, 140, 141, 142, 143, 146, 147, 148, 149, 150, 151, 152, 153, 154, 157, 160, 161, 163, 176, 178, 180, 181, 183, 184, 185, 186, 187, 188, 190, 191, 192, 193, 202, 204, 206, 217, 219, 221, 232, 234, 236, 237, 238, 240, 241, 242, 244, 245, 246, 247, 248, 249, 250, 251, 253, 255, 267, 269, 272, 273, 275, 276, 277, 278, 281, 282, 283, 285, 287, 289, 290, 293, 295, 296, 297, 298, 299, 302, 305, 307, 309, 311, 312, 314, 315, 317, 318, 320, 321, 322, 323, 324, 325, 326, 327, 328, 329, 331, 334, 336, 338, 339, 340, 341, 342, 344, 346, 348, 349, 350, 351, 353, 355, 356, 358, 359, 360, 361, 363, 364, 365, 366, 368, 369, 370, 371, 372, 375, 376], "excluded_lines": []}, "2-engine/.autonomous/lib/memory.py": {"executed_lines": [2, 9, 10, 11, 12, 13, 14, 17, 18, 21, 22, 31, 39, 41, 42, 44, 45, 46, 47, 50, 51, 52, 54, 77, 78, 80, 91, 94, 107, 108, 110, 124, 125, 127, 148, 149, 151, 161, 164, 177, 178, 179, 180, 182, 188, 189, 191, 210, 212, 220, 221, 223, 225, 227, 229, 231, 233, 241, 242, 245, 246, 248, 250, 252, 254, 256, 257, 260, 261, 269, 270, 272, 274, 276, 286, 292, 295, 296, 297, 300, 301, 302, 305, 309, 312, 314, 317], "summary": {"covered_lines": 86, "num_statements": 96, "percent_covered": 89.58333333333333, "percent_covered_display": "90", "missing_lines": 10, "excluded_lines": 0}, "missing_lines": [306, 307, 319, 322, 330, 333, 339, 342, 343, 344], "excluded_lines": []}, "2-engine/.autonomous/lib/metrics_collector.py": {"executed_lines": [], "summary": {"covered_lines": 0, "num_statements": 129, "percent_covered": 0.0, "percent_covered_display": "0", "missing_lines": 129, "excluded_lines": 0}, "missing_lines": [2, 11, 12, 13, 14, 15, 17, 18, 20, 21, 22, 23, 24, 27, 31, 38, 39, 40, 43, 44, 47, 53, 64, 65, 67, 68, 69, 71, 72, 74, 75, 76, 79, 80, 83, 84, 85, 86, 88, 89, 90, 91, 92, 93, 96, 97, 100, 118, 120, 121, 122, 125, 132, 135, 136, 137, 138, 139, 140, 143, 144, 145, 146, 147, 148, 151, 153, 154, 157, 164, 165, 166, 167, 168, 169, 170, 172, 175, 185, 187, 188, 189, 192, 202, 203, 205, 206, 208, 209, 210, 213, 220, 223, 224, 227, 228, 232, 235, 238, 246, 247, 250, 257, 259, 260, 267, 268, 271, 272, 277, 289, 291, 293, 294, 295, 296, 298, 300, 301, 303, 304, 305, 306, 307, 308, 311, 312, 315, 316], "excluded_lines": []}, "2-engine/.autonomous/lib/paths.py": {"executed_lines": [2, 24, 25, 26, 29, 30, 44, 51, 52, 53, 54, 56, 57, 59, 60, 61, 62, 64, 65, 67, 68, 70, 71, 72, 73, 76, 77, 79, 80, 82, 84, 85, 87, 89, 90, 92, 94, 95, 97, 99, 100, 104, 105, 107, 109, 110, 112, 113, 114, 115, 117, 118, 120, 121, 123, 125, 126, 128, 130, 131, 133, 135, 145, 146, 148, 158, 160, 170, 172, 183, 185, 195, 197, 207, 209, 219, 221, 228, 230, 241, 243, 255, 256, 258, 260, 270, 272, 282, 284, 295, 297, 307, 308, 309, 311, 321, 325, 328, 339, 340, 341, 344, 347, 351, 353, 356, 358, 361, 363, 366, 368, 374, 398, 422, 455, 470], "summary": {"covered_lines": 115, "num_statements": 172, "percent_covered": 66.86046511627907, "percent_covered_display": "67", "missing_lines": 57, "excluded_lines": 0}, "missing_lines": [102, 257, 385, 386, 387, 390, 391, 392, 395, 409, 410, 411, 414, 415, 416, 419, 432, 433, 435, 437, 438, 443, 444, 449, 450, 452, 462, 463, 464, 465, 466, 467, 472, 474, 475, 476, 477, 478, 479, 480, 481, 482, 483, 484, 485, 486, 487, 488, 489, 490, 491, 492, 493, 494, 495, 496, 497], "excluded_lines": []}, "2-engine/.autonomous/lib/performance_reporter.py": {"executed_lines": [], "summary": {"covered_lines": 0, "num_statements": 186, "percent_covered": 0.0, "percent_covered_display": "0", "missing_lines": 186, "excluded_lines": 0}, "missing_lines": [2, 11, 12, 13, 14, 15, 17, 18, 20, 21, 22, 23, 24, 27, 31, 36, 37, 40, 46, 48, 49, 50, 51, 52, 53, 54, 56, 59, 75, 77, 78, 79, 80, 82, 83, 84, 85, 86, 87, 89, 96, 106, 107, 113, 114, 117, 118, 119, 120, 122, 133, 134, 135, 136, 138, 145, 152, 172, 175, 176, 177, 178, 179, 180, 183, 184, 185, 186, 187, 188, 189, 190, 191, 192, 193, 194, 195, 198, 199, 200, 201, 202, 203, 204, 205, 208, 209, 210, 211, 212, 213, 214, 217, 218, 220, 223, 243, 254, 257, 267, 268, 270, 271, 273, 274, 285, 292, 299, 300, 302, 303, 304, 307, 308, 311, 312, 313, 314, 317, 318, 319, 320, 322, 324, 332, 339, 340, 342, 343, 344, 347, 348, 351, 352, 353, 354, 357, 358, 359, 360, 362, 364, 372, 386, 387, 389, 390, 391, 394, 395, 397, 398, 399, 400, 401, 402, 403, 404, 405, 407, 409, 410, 411, 413, 415, 427, 429, 431, 432, 433, 434, 435, 437, 439, 440, 441, 442, 443, 444, 445, 446, 447, 450, 451, 454, 455], "excluded_lines": []}, "2-engine/.autonomous/lib/phase_gates.py": {"executed_lines": [], "summary": {"covered_lines": 0, "num_statements": 223, "percent_covered": 0.0, "percent_covered_display": "0", "missing_lines": 223, "excluded_lines": 0}, "missing_lines": [2, 9, 10, 11, 12, 13, 14, 15, 18, 20, 21, 22, 25, 26, 28, 29, 30, 31, 32, 33, 36, 38, 42, 398, 400, 401, 404, 411, 412, 413, 415, 416, 418, 421, 422, 423, 425, 426, 428, 431, 438, 439, 441, 442, 443, 445, 447, 448, 449, 450, 451, 452, 453, 454, 455, 456, 458, 460, 461, 462, 463, 464, 467, 468, 470, 473, 480, 481, 482, 491, 494, 495, 496, 497, 498, 501, 502, 503, 506, 507, 509, 510, 513, 515, 516, 526, 529, 530, 531, 532, 533, 534, 537, 538, 539, 540, 541, 542, 543, 546, 547, 549, 559, 561, 563, 564, 565, 566, 569, 570, 573, 574, 575, 577, 578, 581, 582, 583, 584, 585, 586, 587, 590, 591, 592, 593, 594, 595, 596, 599, 600, 601, 602, 603, 604, 605, 606, 609, 610, 611, 612, 613, 614, 615, 616, 617, 619, 622, 624, 625, 626, 629, 631, 632, 633, 636, 637, 638, 639, 640, 641, 642, 643, 644, 645, 646, 647, 648, 649, 650, 651, 652, 654, 656, 657, 658, 659, 660, 661, 662, 663, 664, 665, 666, 667, 668, 669, 670, 673, 674, 675, 676, 677, 678, 679, 680, 682, 684, 686, 687, 689, 690, 691, 693, 694, 695, 697, 698, 700, 702, 704, 706, 707, 708, 709, 711, 712, 713, 716, 717, 718, 721, 722], "excluded_lines": []}, "2-engine/.autonomous/lib/ralf_config.py": {"executed_lines": [], "summary": {"covered_lines": 0, "num_statements": 105, "percent_covered": 0.0, "percent_covered_display": "0", "missing_lines": 105, "excluded_lines": 0}, "missing_lines": [2, 18, 19, 20, 21, 22, 23, 25, 28, 29, 44, 45, 48, 51, 52, 53, 56, 57, 60, 61, 64, 71, 72, 87, 90, 93, 94, 95, 96, 97, 98, 99, 100, 101, 104, 106, 108, 109, 112, 113, 115, 118, 119, 121, 123, 124, 126, 138, 139, 140, 141, 142, 143, 144, 145, 147, 149, 156, 157, 160, 161, 163, 164, 165, 166, 167, 168, 170, 172, 173, 174, 176, 178, 180, 182, 184, 186, 189, 199, 202, 203, 205, 206, 207, 208, 209, 210, 212, 213, 215, 219, 220, 223, 225, 226, 227, 228, 229, 230, 231, 232, 235, 236, 237, 238], "excluded_lines": []}, "2-engine/.autonomous/lib/roadmap_sync.py": {"executed_lines": [], "summary": {"covered_lines": 0, "num_statements": 484, "percent_covered": 0.0, "percent_covered_display": "0", "missing_lines": 484, "excluded_lines": 0}, "missing_lines": [2, 42, 43, 44, 45, 46, 47, 48, 49, 56, 58, 59, 66, 73, 74, 77, 78, 79, 80, 83, 84, 87, 88, 89, 90, 91, 93, 100, 112, 114, 115, 117, 120, 121, 122, 125, 126, 127, 130, 131, 132, 133, 135, 138, 149, 152, 153, 154, 155, 156, 158, 161, 177, 178, 179, 181, 188, 200, 203, 204, 205, 211, 212, 213, 216, 217, 218, 220, 223, 234, 235, 238, 239, 241, 242, 243, 245, 250, 252, 255, 256, 257, 260, 261, 262, 263, 264, 266, 269, 279, 281, 283, 284, 286, 287, 288, 289, 292, 293, 300, 329, 336, 338, 340, 341, 342, 343, 345, 346, 349, 350, 351, 352, 353, 356, 359, 362, 363, 364, 365, 368, 369, 370, 371, 373, 374, 375, 377, 378, 380, 381, 384, 385, 386, 387, 388, 389, 392, 393, 394, 395, 398, 399, 400, 401, 404, 405, 406, 407, 408, 411, 412, 413, 415, 416, 417, 418, 419, 420, 423, 425, 426, 429, 434, 436, 437, 438, 439, 442, 443, 445, 447, 448, 450, 452, 453, 454, 455, 456, 463, 474, 475, 476, 479, 480, 481, 484, 485, 486, 487, 489, 492, 503, 506, 507, 508, 509, 510, 512, 515, 533, 536, 537, 538, 540, 543, 560, 563, 592, 599, 601, 602, 605, 607, 608, 609, 611, 612, 614, 615, 618, 619, 620, 621, 622, 625, 626, 627, 628, 629, 631, 632, 634, 635, 636, 638, 639, 641, 644, 646, 647, 648, 649, 650, 653, 654, 655, 656, 657, 658, 661, 662, 663, 664, 667, 668, 674, 675, 678, 680, 681, 683, 684, 685, 687, 690, 691, 692, 693, 694, 695, 696, 697, 699, 701, 702, 704, 706, 707, 708, 709, 710, 713, 743, 751, 758, 761, 762, 763, 770, 772, 775, 817, 827, 834, 837, 838, 839, 846, 849, 851, 852, 853, 854, 855, 857, 859, 864, 866, 868, 869, 876, 878, 879, 880, 881, 882, 884, 890, 892, 900, 902, 904, 905, 911, 918, 920, 921, 922, 923, 924, 925, 926, 927, 928, 929, 930, 931, 933, 934, 936, 937, 938, 939, 941, 942, 944, 945, 946, 948, 955, 956, 957, 959, 960, 962, 963, 964, 965, 967, 968, 970, 972, 973, 974, 975, 977, 978, 979, 982, 983, 985, 986, 987, 989, 996, 997, 998, 1000, 1001, 1003, 1004, 1005, 1006, 1008, 1009, 1011, 1013, 1014, 1015, 1016, 1018, 1019, 1020, 1021, 1024, 1025, 1027, 1028, 1029, 1031, 1040, 1041, 1042, 1044, 1046, 1047, 1048, 1049, 1050, 1051, 1052, 1053, 1055, 1056, 1057, 1058, 1059, 1060, 1061, 1062, 1064, 1066, 1067, 1068, 1069, 1070, 1072, 1073, 1074, 1075, 1076, 1077, 1080, 1081, 1082, 1085, 1086, 1088, 1089, 1090, 1092, 1106, 1107, 1108, 1110, 1112, 1113, 1114, 1115, 1116, 1117, 1118, 1119, 1121, 1122, 1123, 1124, 1125, 1126, 1127, 1128, 1130, 1131, 1132, 1133, 1134, 1135, 1136, 1137, 1138, 1140, 1141, 1142, 1143, 1144, 1145, 1146, 1147, 1149, 1152, 1153, 1156, 1157], "excluded_lines": []}, "2-engine/.autonomous/lib/session_tracker.py": {"executed_lines": [2, 14, 15, 16, 17, 18, 19, 20, 23, 24, 27, 28, 35, 47, 50, 52, 53, 55, 56, 57, 60, 61, 62, 63, 65, 84, 85, 88, 89, 91, 94, 110, 111, 113, 115, 117, 120, 121, 122, 123, 125, 127, 130, 131, 132, 133, 135, 137, 140, 145, 147, 149, 150, 156, 157, 160, 166, 168, 172, 180, 181, 183, 189, 190, 192, 209, 210, 211, 214, 215, 216, 217, 220, 221, 222, 223, 224, 225, 227, 230, 232, 234, 236, 238, 239, 240, 241, 245, 247, 250, 253, 254, 255, 256, 257, 262, 275, 278, 279, 280, 285, 287, 290], "summary": {"covered_lines": 102, "num_statements": 126, "percent_covered": 80.95238095238095, "percent_covered_display": "81", "missing_lines": 24, "excluded_lines": 0}, "missing_lines": [118, 128, 138, 169, 170, 242, 243, 248, 258, 259, 281, 282, 292, 294, 300, 302, 303, 305, 306, 308, 310, 312, 317, 318], "excluded_lines": []}, "2-engine/.autonomous/lib/skill_provider.py": {"executed_lines": [2, 20, 21, 22, 23, 24, 26, 29, 30, 32, 33, 37, 38, 42, 43, 47, 48, 52, 53, 57, 58, 62, 63, 68, 69, 74, 75, 77, 78, 80, 81, 83, 84, 86, 87, 89, 90, 92, 93, 95, 96, 99, 100, 105, 106, 107, 108, 109, 110, 112, 114, 116, 118, 127, 128, 136, 137, 138, 143, 145, 146, 148, 149, 158, 165, 188, 193, 194, 196, 197, 238, 244, 246, 247, 248, 250, 292, 293, 298, 299, 300, 301, 303, 304, 306, 308, 309, 311, 312, 313, 314, 321, 329, 336, 337, 338, 340, 341, 342, 344, 345, 346, 347, 348, 349, 351, 352, 353, 355, 357, 358, 359, 361, 362, 363, 365, 371, 389, 392, 393, 394, 397, 398, 399, 400, 403, 404, 405, 406, 409, 410, 413, 425, 426, 430], "summary": {"covered_lines": 131, "num_statements": 235, "percent_covered": 55.744680851063826, "percent_covered_display": "56", "missing_lines": 104, "excluded_lines": 0}, "missing_lines": [35, 40, 45, 50, 55, 60, 65, 120, 121, 122, 123, 124, 125, 129, 130, 131, 132, 133, 134, 135, 139, 140, 141, 150, 151, 167, 170, 171, 173, 174, 175, 176, 177, 178, 179, 180, 182, 199, 200, 201, 204, 216, 217, 220, 221, 222, 223, 226, 227, 228, 229, 231, 232, 233, 236, 240, 241, 242, 255, 256, 258, 259, 261, 262, 263, 265, 268, 269, 271, 272, 273, 276, 277, 278, 279, 282, 283, 285, 287, 288, 289, 315, 316, 317, 318, 319, 322, 323, 330, 331, 367, 368, 431, 434, 436, 437, 439, 440, 443, 450, 451, 452, 453, 455], "excluded_lines": []}, "2-engine/.autonomous/lib/skill_router.py": {"executed_lines": [], "summary": {"covered_lines": 0, "num_statements": 245, "percent_covered": 0.0, "percent_covered_display": "0", "missing_lines": 245, "excluded_lines": 0}, "missing_lines": [10, 11, 12, 13, 14, 15, 16, 18, 21, 23, 24, 25, 26, 27, 28, 29, 30, 31, 32, 33, 34, 35, 36, 37, 38, 39, 40, 41, 42, 43, 44, 45, 48, 49, 51, 52, 53, 54, 55, 56, 57, 60, 61, 63, 64, 65, 66, 67, 68, 69, 70, 71, 73, 74, 75, 76, 77, 82, 339, 345, 352, 353, 354, 356, 366, 367, 369, 370, 371, 372, 374, 375, 378, 379, 380, 381, 382, 393, 394, 396, 397, 399, 401, 411, 412, 413, 415, 416, 417, 419, 420, 421, 423, 425, 435, 436, 438, 439, 442, 443, 444, 445, 447, 448, 451, 452, 453, 456, 457, 460, 461, 462, 465, 467, 477, 488, 489, 490, 492, 494, 495, 496, 497, 498, 499, 500, 502, 504, 514, 515, 517, 518, 520, 521, 522, 523, 524, 526, 527, 528, 530, 541, 542, 544, 554, 556, 557, 559, 561, 578, 580, 581, 583, 584, 586, 587, 588, 589, 591, 593, 603, 604, 605, 607, 608, 609, 610, 611, 613, 620, 621, 622, 623, 632, 634, 641, 642, 643, 645, 646, 647, 649, 652, 654, 655, 656, 658, 659, 660, 661, 662, 663, 664, 665, 667, 670, 671, 673, 675, 676, 677, 679, 680, 681, 682, 683, 684, 685, 686, 688, 690, 691, 692, 693, 694, 697, 698, 699, 700, 703, 705, 706, 707, 709, 711, 712, 713, 724, 726, 727, 728, 729, 730, 731, 732, 733, 736, 737, 738, 739, 748, 750, 752, 755, 756], "excluded_lines": []}, "2-engine/.autonomous/lib/state_machine.py": {"executed_lines": [2, 9, 10, 11, 12, 15, 16, 17, 18, 19, 20, 23, 24, 25, 28, 29, 30, 31, 32, 33, 34, 35, 36, 37, 40, 41, 53, 60, 67, 69, 84, 85, 86, 88, 91, 92, 95, 97, 98, 99, 101, 103, 123, 124, 125, 126, 128, 129, 130, 133, 134, 135, 136, 137, 140, 141, 143, 145, 147, 148, 149, 150, 151, 152, 153, 155, 157, 158, 159, 161, 162, 163, 165, 167, 168, 169, 170, 171, 172, 173, 175, 177, 178, 179, 180, 181, 182, 184, 186, 187, 194, 198, 200, 201, 202, 205, 207, 208, 210, 211, 212, 215, 216, 223], "summary": {"covered_lines": 100, "num_statements": 108, "percent_covered": 92.5925925925926, "percent_covered_display": "93", "missing_lines": 8, "excluded_lines": 0}, "missing_lines": [225, 233, 234, 236, 239, 240, 242, 243], "excluded_lines": []}, "2-engine/.autonomous/lib/test_config.py": {"executed_lines": [2, 6, 7, 8, 11, 13, 19, 21, 22, 23, 25, 26, 29, 30, 31, 44, 46, 47, 48, 51, 53, 54, 57, 58, 59, 62, 64, 67, 69, 70, 71, 73, 74, 77, 78, 79, 82, 83, 84, 87, 88, 89, 91, 94, 96, 97, 98, 100, 101, 103, 104, 105, 106, 108, 109, 111, 114, 116, 117, 118, 120, 121, 123, 124, 126, 127, 128, 130, 133, 135, 136, 137, 139, 140, 142, 143, 144, 145, 146, 148, 151, 153, 154, 155, 157, 158, 160, 161, 162, 163, 164, 166, 169, 171, 172, 173, 175, 176, 177, 179, 182, 226], "summary": {"covered_lines": 102, "num_statements": 135, "percent_covered": 75.55555555555556, "percent_covered_display": "76", "missing_lines": 33, "excluded_lines": 0}, "missing_lines": [34, 35, 36, 37, 38, 39, 41, 184, 185, 186, 188, 199, 200, 202, 203, 204, 205, 206, 207, 208, 209, 211, 212, 213, 214, 215, 216, 218, 219, 220, 222, 223, 227], "excluded_lines": []}, "2-engine/.autonomous/lib/test_decision_registry.py": {"executed_lines": [2, 9, 10, 11, 12, 13, 14, 16, 17, 19, 22, 23, 25, 27, 28, 29, 32, 34, 36, 37, 38, 39, 40, 42, 44, 58, 59, 61, 63, 64, 66, 68, 69, 75, 76, 77, 78, 80, 82, 84, 89, 91, 92, 95, 96, 97, 99, 101, 103, 143, 145, 146, 147, 148, 149, 151, 153, 155, 161, 162, 164, 166, 168, 172, 173, 174, 176, 178, 180, 185, 186, 187, 189, 191, 194, 207, 210, 216, 219, 220, 221, 222, 224, 226, 228, 240, 242, 248, 250, 251, 253, 255, 257, 258, 259, 261, 263, 265, 266, 268, 269, 271, 273, 275, 276, 278, 279, 281, 282, 284, 286, 288, 289, 291, 292, 294, 295, 297, 299, 301, 312, 314, 316, 317, 318, 319, 321, 323, 325, 332, 334, 335, 337, 339, 341, 342, 344, 346, 347, 348, 349, 351, 353, 355, 367, 369, 371, 372, 373, 375, 377, 380, 385, 391, 393, 394, 395, 398, 399, 401, 403, 404, 405, 406, 408, 410, 411, 412, 413, 415, 417, 429, 430, 432, 434, 435, 437, 444, 447, 449, 450, 452, 454, 455, 458, 459, 461, 466, 471, 474, 475, 476, 478, 480, 481, 484, 485, 486, 494, 496, 504, 507, 508, 509, 511, 513, 514, 515, 516, 519, 520, 521, 522, 524, 532, 533, 534, 536, 538, 539, 541, 543, 545, 546, 547, 548, 551, 552, 553, 562, 568, 569, 571, 573, 574, 576, 577, 579, 581, 582, 583, 584, 587, 588, 589, 591, 596, 597, 599, 601, 602, 604, 605, 608], "summary": {"covered_lines": 252, "num_statements": 253, "percent_covered": 99.60474308300395, "percent_covered_display": "99", "missing_lines": 1, "excluded_lines": 0}, "missing_lines": [609], "excluded_lines": []}, "2-engine/.autonomous/lib/test_memory.py": {"executed_lines": [2, 9, 10, 11, 12, 13, 14, 15, 17, 18, 20, 23, 24, 26, 28, 29, 30, 32, 34, 35, 37, 39, 40, 41, 42, 44, 46, 47, 48, 50, 52, 61, 62, 63, 65, 66, 67, 68, 69, 71, 73, 81, 82, 84, 86, 93, 94, 96, 97, 98, 99, 100, 102, 104, 110, 111, 112, 113, 115, 117, 124, 125, 127, 128, 129, 130, 131, 133, 136, 138, 141, 142, 143, 144, 145, 147, 149, 150, 152, 155, 157, 160, 161, 163, 165, 166, 168, 171, 172, 174, 176, 177, 179, 181, 182, 183, 184, 186, 188, 196, 197, 198, 199, 200, 201, 203, 205, 210, 211, 212, 214, 216, 217, 220, 221, 223, 225, 226, 229, 230, 233, 234, 236, 238, 239, 240, 243], "summary": {"covered_lines": 125, "num_statements": 126, "percent_covered": 99.2063492063492, "percent_covered_display": "99", "missing_lines": 1, "excluded_lines": 0}, "missing_lines": [244], "excluded_lines": []}, "2-engine/.autonomous/lib/test_paths.py": {"executed_lines": [2, 6, 7, 8, 9, 10, 11, 14, 16, 27, 28, 30, 32, 34, 36, 37, 38, 40, 42, 43, 44, 46, 48, 50, 51, 53, 55, 56, 57, 59, 61, 62, 63, 65, 67, 68, 69, 71, 73, 74, 75, 77, 79, 80, 81, 83, 85, 86, 87, 89, 91, 92, 93, 95, 97, 98, 99, 101, 103, 104, 105, 107, 109, 110, 111, 113, 115, 116, 117, 119, 121, 122, 123, 124, 126, 128, 129, 130, 132, 134, 135, 136, 138, 140, 141, 142, 143, 145, 147, 148, 149, 151, 153, 154, 155, 157, 159, 160, 161, 163, 165, 166, 167, 169, 171, 172, 173, 175, 177, 179, 180, 181, 183, 185, 186, 187, 189, 191, 192, 193, 195, 197, 198, 199, 201, 203, 204, 205, 206, 207, 208, 210, 212, 213, 214, 215, 216, 219, 220, 222, 224, 226, 228, 229, 230, 232, 234, 235, 236, 237, 238, 240, 242, 243, 245, 247, 248, 249, 251, 253, 254, 255, 257, 259, 260, 261, 264, 314], "summary": {"covered_lines": 166, "num_statements": 203, "percent_covered": 81.77339901477832, "percent_covered_display": "82", "missing_lines": 37, "excluded_lines": 0}, "missing_lines": [266, 268, 269, 270, 273, 274, 276, 277, 279, 280, 281, 284, 285, 286, 287, 288, 289, 290, 292, 293, 294, 295, 297, 298, 299, 300, 301, 302, 304, 305, 306, 307, 308, 309, 311, 315, 316], "excluded_lines": []}, "2-engine/.autonomous/lib/test_session_tracker.py": {"executed_lines": [2, 9, 10, 11, 12, 13, 14, 15, 17, 18, 20, 23, 24, 26, 28, 29, 30, 32, 34, 35, 37, 39, 40, 42, 44, 45, 46, 48, 50, 56, 57, 58, 59, 60, 61, 63, 65, 67, 74, 75, 77, 79, 81, 83, 85, 87, 89, 91, 93, 95, 97, 99, 101, 102, 103, 105, 107, 109, 110, 112, 113, 114, 115, 117, 120, 121, 123, 125, 127, 129, 130, 131, 132, 134, 136, 138, 140, 141, 143, 145, 146, 148, 150, 153, 154, 155, 157, 158, 159, 161, 162, 164, 166, 168, 171, 172, 174, 175, 178, 180, 182, 184, 185, 186, 188, 190, 191, 192, 194, 195, 197, 198, 199, 200, 202, 205, 206, 209, 210, 212, 213, 215, 216, 217, 219, 221, 223, 225, 226, 227, 228, 229, 230, 231, 232, 233, 235, 237, 240, 242, 243, 244, 245, 246, 248, 249, 251, 253, 255, 257, 258, 261, 262, 264, 266, 268, 269, 271, 274, 275, 277, 279, 280, 281, 284], "summary": {"covered_lines": 163, "num_statements": 164, "percent_covered": 99.39024390243902, "percent_covered_display": "99", "missing_lines": 1, "excluded_lines": 0}, "missing_lines": [285], "excluded_lines": []}, "2-engine/.autonomous/lib/test_skill_provider.py": {"executed_lines": [2, 12, 13, 14, 15, 18, 20, 29, 31, 33, 34, 36, 37, 38, 39, 40, 42, 43, 45, 46, 48, 51, 53, 55, 57, 72, 73, 75, 77, 78, 79, 82, 83, 85, 86, 89, 90, 93, 94, 95, 97, 100, 102, 104, 105, 108, 109, 110, 113, 114, 115, 118, 119, 120, 121, 124, 125, 126, 127, 128, 129, 131, 134, 136, 138, 139, 142, 143, 146, 147, 148, 151, 152, 154, 157, 159, 161, 162, 164, 165, 166, 168, 169, 171, 174, 204], "summary": {"covered_lines": 86, "num_statements": 110, "percent_covered": 78.18181818181819, "percent_covered_display": "78", "missing_lines": 24, "excluded_lines": 0}, "missing_lines": [176, 177, 178, 180, 181, 182, 183, 184, 185, 187, 188, 189, 190, 192, 193, 194, 195, 196, 197, 198, 199, 200, 201, 205], "excluded_lines": []}, "2-engine/.autonomous/lib/test_state_machine.py": {"executed_lines": [2, 9, 10, 12, 13, 14, 16, 22, 23, 25, 27, 28, 29, 30, 33, 34, 36, 38, 45, 46, 47, 48, 50, 52, 54, 64, 65, 66, 69, 70, 72, 75, 81, 83, 85, 86, 88, 90, 91, 93, 95, 96, 97, 99, 102, 103, 104, 106, 108, 109, 110, 112, 114, 115, 116, 118, 120, 121, 122, 124, 127, 128, 130, 132, 133, 134, 136, 138, 139, 141, 142, 144, 147, 151, 154, 155, 158, 160, 162, 164, 165, 167, 170, 172, 174, 175, 177, 179, 181, 184, 185, 186, 188, 190, 205, 206, 208, 209, 210, 211, 213, 216, 218, 221, 222, 224, 227, 230, 231, 234, 235, 237, 239, 244, 245, 246, 248, 250, 255, 256, 257, 259, 261, 266, 267, 268, 270, 272, 277, 278, 281, 282, 284, 286, 290, 293, 294, 296, 298, 301, 303, 304, 306, 308, 311, 313, 314, 315, 318], "summary": {"covered_lines": 144, "num_statements": 145, "percent_covered": 99.3103448275862, "percent_covered_display": "99", "missing_lines": 1, "excluded_lines": 0}, "missing_lines": [319], "excluded_lines": []}, "2-engine/.autonomous/lib/test_workflow_loader.py": {"executed_lines": [1, 5, 6, 7, 8, 9, 15, 16, 18, 19, 25, 26, 27, 28, 29, 31, 32, 33, 34, 35, 38, 39, 41, 42, 55, 56, 57, 58, 59, 61, 62, 74, 75, 76, 77, 79, 80, 82, 83, 95, 96, 97, 99, 100, 112, 113, 115, 116, 125, 126, 129, 130, 132, 133, 134, 136, 137, 138, 142, 143, 144, 147, 148, 149, 152, 153, 154, 158, 159, 160, 163, 164, 165, 168, 169, 170, 174, 175, 184, 185, 186, 188, 189, 198, 199, 200, 201, 202, 204, 205, 207, 209, 210, 211, 212, 213, 214, 215, 216, 218, 219, 220, 222, 223, 224, 226, 227, 229, 232, 235, 236, 238, 239, 240, 243, 244, 245, 249, 250, 252, 253, 254, 255, 256, 257, 260, 261, 263, 264, 271, 272, 273, 274, 277, 278, 280, 281, 286, 287, 288, 289, 292], "summary": {"covered_lines": 134, "num_statements": 147, "percent_covered": 91.15646258503402, "percent_covered_display": "91", "missing_lines": 13, "excluded_lines": 0}, "missing_lines": [140, 145, 150, 155, 156, 161, 166, 171, 172, 230, 241, 246, 293], "excluded_lines": []}, "2-engine/.autonomous/lib/test_workspace.py": {"executed_lines": [2, 9, 10, 11, 12, 13, 15, 16, 18, 21, 22, 24, 26, 27, 29, 31, 32, 34, 36, 38, 40, 41, 42, 44, 46, 51, 52, 54, 56, 61, 62, 63, 64, 66, 68, 73, 74, 76, 77, 78, 79, 80, 82, 84, 89, 90, 92, 93, 94, 96, 99, 100, 102, 108, 109, 110, 112, 114, 116, 117, 119, 121, 123, 125, 127, 129, 131, 136, 137, 139, 140, 141, 143, 146, 148, 150, 152, 158, 159, 160, 162, 163, 164, 165, 167, 170, 171, 172, 173, 177, 178, 179, 181, 183, 185, 186, 188, 189, 191, 193, 195, 200, 201, 203, 205, 206, 207, 209, 211, 212, 214, 215, 217, 218, 220, 221, 223, 225, 226, 227, 229, 230, 231, 232, 233, 234, 235, 238, 239, 240, 243, 244, 246, 248, 250, 252, 253, 255, 257, 263, 264, 265, 268, 269, 271, 273, 274, 276, 278, 279, 281, 283, 288, 289, 290, 291, 293, 295, 298, 301, 303, 304, 306, 307, 308, 310, 312, 314, 315, 317, 318, 321], "summary": {"covered_lines": 169, "num_statements": 171, "percent_covered": 98.83040935672514, "percent_covered_display": "99", "missing_lines": 2, "excluded_lines": 0}, "missing_lines": [174, 322], "excluded_lines": []}, "2-engine/.autonomous/lib/unified_config.py": {"executed_lines": [], "summary": {"covered_lines": 0, "num_statements": 312, "percent_covered": 0.0, "percent_covered_display": "0", "missing_lines": 312, "excluded_lines": 0}, "missing_lines": [2, 20, 21, 22, 23, 24, 25, 26, 27, 29, 32, 34, 37, 39, 42, 43, 45, 46, 47, 48, 51, 64, 67, 74, 82, 83, 84, 85, 86, 88, 89, 91, 94, 95, 96, 99, 101, 103, 106, 108, 111, 114, 117, 118, 121, 123, 125, 135, 136, 137, 138, 140, 141, 147, 148, 149, 150, 151, 154, 155, 156, 157, 158, 161, 162, 163, 164, 165, 168, 169, 170, 171, 172, 175, 178, 180, 181, 183, 193, 194, 195, 196, 197, 198, 199, 200, 201, 202, 204, 215, 217, 218, 220, 223, 225, 227, 241, 242, 243, 244, 245, 246, 247, 248, 249, 251, 253, 255, 258, 273, 274, 275, 277, 278, 279, 280, 282, 283, 285, 286, 288, 308, 309, 310, 312, 313, 315, 316, 317, 319, 322, 323, 325, 336, 337, 339, 350, 351, 352, 353, 354, 355, 357, 368, 369, 370, 371, 372, 374, 385, 386, 387, 388, 390, 401, 402, 405, 406, 407, 408, 411, 414, 416, 417, 419, 426, 428, 435, 437, 444, 445, 446, 448, 459, 460, 461, 462, 463, 464, 465, 467, 470, 473, 474, 476, 477, 479, 490, 491, 492, 493, 495, 496, 497, 498, 499, 500, 503, 505, 506, 508, 517, 518, 521, 522, 524, 525, 527, 528, 531, 532, 533, 534, 535, 536, 537, 538, 539, 540, 543, 544, 545, 546, 551, 552, 554, 561, 564, 572, 579, 580, 582, 583, 585, 587, 588, 590, 591, 592, 593, 595, 596, 598, 599, 600, 601, 603, 604, 606, 607, 608, 609, 611, 612, 614, 615, 616, 617, 619, 620, 622, 623, 624, 625, 627, 637, 638, 640, 650, 652, 662, 664, 674, 676, 687, 688, 689, 690, 694, 697, 715, 716, 718, 721, 731, 734, 741, 745, 758, 761, 762, 764, 767, 769, 772, 774, 775, 776, 778, 779, 780, 782, 783, 784, 785, 787, 788, 789, 790, 791, 792, 794], "excluded_lines": []}, "2-engine/.autonomous/lib/webhook_receiver.py": {"executed_lines": [], "summary": {"covered_lines": 0, "num_statements": 148, "percent_covered": 0.0, "percent_covered_display": "0", "missing_lines": 148, "excluded_lines": 0}, "missing_lines": [19, 20, 21, 22, 23, 24, 25, 26, 28, 31, 33, 36, 38, 41, 43, 46, 49, 57, 58, 60, 75, 76, 78, 81, 86, 89, 90, 92, 94, 109, 111, 113, 114, 116, 118, 119, 121, 124, 125, 127, 128, 130, 131, 133, 135, 136, 137, 140, 148, 155, 156, 157, 158, 159, 161, 162, 164, 166, 167, 168, 171, 172, 173, 176, 177, 178, 180, 182, 183, 184, 185, 187, 203, 204, 205, 208, 209, 210, 213, 216, 219, 220, 221, 222, 224, 226, 228, 237, 239, 240, 242, 243, 245, 256, 259, 262, 263, 265, 266, 267, 270, 271, 272, 273, 274, 275, 277, 279, 290, 292, 297, 299, 300, 310, 312, 322, 324, 334, 344, 354, 367, 381, 383, 384, 386, 391, 394, 395, 396, 397, 402, 405, 406, 407, 408, 411, 414, 417, 423, 424, 425, 430, 431, 432, 437, 438, 439, 444], "excluded_lines": []}, "2-engine/.autonomous/lib/workflow_loader.py": {"executed_lines": [1, 9, 10, 11, 12, 13, 14, 15, 17, 20, 21, 22, 23, 24, 27, 28, 29, 30, 31, 32, 33, 35, 36, 38, 46, 47, 48, 49, 50, 52, 53, 55, 61, 62, 63, 64, 65, 67, 68, 70, 71, 72, 73, 74, 80, 81, 82, 83, 84, 85, 87, 88, 90, 97, 98, 99, 100, 101, 102, 104, 105, 107, 114, 115, 116, 117, 118, 119, 120, 121, 122, 123, 124, 125, 126, 127, 128, 129, 131, 132, 134, 135, 136, 137, 138, 140, 142, 143, 146, 147, 150, 152, 168, 206, 208, 209, 210, 211, 213, 215, 217, 219, 222, 223, 225, 233, 235, 239, 240, 241, 243, 250, 251, 252, 254, 255, 256, 276, 305, 315, 316, 317, 319, 329, 330, 331, 333, 343, 344, 345, 347, 354, 355, 356, 358, 365, 366, 367, 369, 379, 380, 381, 383, 393, 395, 396, 398, 400, 401, 403, 404, 406, 407, 409, 410, 412, 413, 415, 418, 420, 427, 428, 430, 431, 436, 438, 445, 446, 448, 453, 454, 456, 458, 465, 466, 468, 482, 498, 502, 505, 508, 509, 510, 513, 515, 518, 520, 523], "summary": {"covered_lines": 179, "num_statements": 253, "percent_covered": 70.75098814229248, "percent_covered_display": "71", "missing_lines": 74, "excluded_lines": 0}, "missing_lines": [144, 148, 170, 237, 258, 259, 260, 261, 262, 263, 266, 267, 268, 270, 271, 273, 274, 286, 287, 288, 290, 291, 292, 294, 295, 296, 298, 299, 300, 301, 302, 303, 399, 414, 416, 432, 433, 434, 483, 484, 485, 487, 488, 490, 491, 493, 494, 495, 496, 525, 527, 529, 530, 532, 533, 534, 535, 536, 537, 538, 539, 540, 541, 542, 544, 546, 547, 548, 550, 551, 552, 553, 554, 555], "excluded_lines": []}, "2-engine/.autonomous/lib/workspace.py": {"executed_lines": [2, 9, 10, 11, 12, 13, 16, 17, 20, 21, 23, 24, 25, 27, 39, 40, 43, 44, 45, 46, 49, 56, 57, 58, 59, 60, 61, 64, 65, 76, 77, 102, 104, 106, 108, 110, 112, 114, 115, 116, 117, 118, 119, 121, 123, 124, 126, 127, 129, 139, 141, 143, 144, 146, 147, 149, 155, 158, 160, 165, 166, 169], "summary": {"covered_lines": 61, "num_statements": 74, "percent_covered": 82.43243243243244, "percent_covered_display": "82", "missing_lines": 13, "excluded_lines": 0}, "missing_lines": [162, 163, 171, 173, 178, 179, 180, 181, 182, 185, 186, 189, 193], "excluded_lines": []}}, "totals": {"covered_lines": 2515, "num_statements": 7179, "percent_covered": 35.032734364117566, "percent_covered_display": "35", "missing_lines": 4664, "excluded_lines": 0}}